2006.02.14 08:29 B C:\Vonn\MsFrontPage\VCampbell201 Web\images\Cards5.jpg --> webpages.charter.net /images Cards5.jpg
2006.02.14 08:29 B C:\Vonn\MsFrontPage\VCampbell201 Web\images\CheckerdFlag3.jpg --> webpages.charter.net /images CheckerdFlag3.jpg
2006.02.14 08:29 B C:\Vonn\MsFrontPage\VCampbell201 Web\images\FireHot3.jpg --> webpages.charter.net /images FireHot3.jpg
2007.01.12 10:14 B C:\Vonn\MsFrontPage\VCampbell201 Web\images\MSIE.gif --> webpages.charter.net /images MSIE.gif
2007.01.19 22:08 B C:\Vonn\MsFrontPage\VCampbell201 Web\images\002_24Aa.jpg --> webpages.charter.net /images 002_24Aa.jpg
2007.01.19 22:08 B C:\Vonn\MsFrontPage\VCampbell201 Web\images\003_23Aa.jpg --> webpages.charter.net /images 003_23Aa.jpg
2007.01.19 22:08 B C:\Vonn\MsFrontPage\VCampbell201 Web\images\004_22Aa.jpg --> webpages.charter.net /images 004_22Aa.jpg
2007.01.19 22:08 B C:\Vonn\MsFrontPage\VCampbell201 Web\images\005_21Aa.jpg --> webpages.charter.net /images 005_21Aa.jpg
2007.01.19 22:08 B C:\Vonn\MsFrontPage\VCampbell201 Web\images\Devo_QA.jpg --> webpages.charter.net /images Devo_QA.jpg
2007.01.19 22:08 B C:\Vonn\MsFrontPage\VCampbell201 Web\images\Devo_Shout.jpg --> webpages.charter.net /images Devo_Shout.jpg
2007.02.13 21:21 B C:\Vonn\MsFrontPage\VCampbell201 Web\images\BlackPanther.jpg --> webpages.charter.net /images BlackPanther.jpg
2007.02.13 21:21 B C:\Vonn\MsFrontPage\VCampbell201 Web\images\BlackPantherToy.jpg --> webpages.charter.net /images BlackPantherToy.jpg
2007.02.13 21:21 B C:\Vonn\MsFrontPage\VCampbell201 Web\images\Equation.gif --> webpages.charter.net /images Equation.gif
2007.02.13 21:21 B C:\Vonn\MsFrontPage\VCampbell201 Web\images\Equation2.bmp --> webpages.charter.net /images Equation2.bmp
2007.02.13 21:21 B C:\Vonn\MsFrontPage\VCampbell201 Web\images\PinkPanther.jpg --> webpages.charter.net /images PinkPanther.jpg
2007.02.13 21:21 B C:\Vonn\MsFrontPage\VCampbell201 Web\images\CheckerdFlag4.jpg --> webpages.charter.net /images CheckerdFlag4.jpg
2007.02.13 21:24 B C:\Vonn\MsFrontPage\VCampbell201 Web\images\Equation2.bmp --> webpages.charter.net /images Equation2.bmp
2007.02.13 21:24 B C:\Vonn\MsFrontPage\VCampbell201 Web\images\Equation.gif --> webpages.charter.net /images Equation.gif
2007.02.13 21:25 B C:\Vonn\MsFrontPage\VCampbell201 Web\images\Equation.gif --> webpages.charter.net /images Equation.gif
2007.02.13 21:25 B C:\Vonn\MsFrontPage\VCampbell201 Web\images\Equation2.bmp --> webpages.charter.net /images Equation2.bmp
2007.04.04 12:18 B C:\Vonn\MsFrontPage\VCampbell201 Web\images\DANv1.jpg --> webpages.charter.net /images DANv1.jpg
2008.02.18 17:05 B C:\Vonn\MsFrontPage\VCampbell201 Web\images\PlasticOwl.jpg --> webpages.charter.net /images PlasticOwl.jpg
2008.02.18 18:01 B C:\Vonn\MsFrontPage\VCampbell201 Web\images\DEVO_circles.gif --> webpages.charter.net /images DEVO_circles.gif
2008.02.18 18:01 B C:\Vonn\MsFrontPage\VCampbell201 Web\images\logo_flames_BFCampingTrip.gif --> webpages.charter.net /images logo_flames_BFCampingTrip.gif
2008.02.18 20:50 B C:\Vonn\MsFrontPage\VCampbell201 Web\images\title_CampSumm2006.gif --> webpages.charter.net /images title_CampSumm2006.gif
2008.02.18 20:50 B C:\Vonn\MsFrontPage\VCampbell201 Web\images\title_CampSumm2007.gif --> webpages.charter.net /images title_CampSumm2007.gif
2008.02.18 20:50 B C:\Vonn\MsFrontPage\VCampbell201 Web\images\title_CampSumm2008.gif --> webpages.charter.net /images title_CampSumm2008.gif
2008.02.18 21:32 B C:\Vonn\MsFrontPage\VCampbell201 Web\images\title_CampSumm2006.gif --> webpages.charter.net /images title_CampSumm2006.gif
2008.02.18 21:32 B C:\Vonn\MsFrontPage\VCampbell201 Web\images\title_CampSumm2007.gif --> webpages.charter.net /images title_CampSumm2007.gif
2008.02.18 21:32 B C:\Vonn\MsFrontPage\VCampbell201 Web\images\title_CampSumm2008.gif --> webpages.charter.net /images title_CampSumm2008.gif
2008.02.18 21:42 B C:\Vonn\MsFrontPage\VCampbell201 Web\images\title_CampSumm2006.gif --> webpages.charter.net /images title_CampSumm2006.gif
2008.02.18 21:42 B C:\Vonn\MsFrontPage\VCampbell201 Web\images\title_CampSumm2007.gif --> webpages.charter.net /images title_CampSumm2007.gif
2008.02.18 21:42 B C:\Vonn\MsFrontPage\VCampbell201 Web\images\title_CampSumm2008.gif --> webpages.charter.net /images title_CampSumm2008.gif
2008.02.18 22:01 B C:\Vonn\MsFrontPage\VCampbell201 Web\images\title_CampPics2006.gif --> webpages.charter.net /images title_CampPics2006.gif
2008.02.18 22:01 B C:\Vonn\MsFrontPage\VCampbell201 Web\images\title_CampPics2007.gif --> webpages.charter.net /images title_CampPics2007.gif
2008.02.18 22:01 B C:\Vonn\MsFrontPage\VCampbell201 Web\images\title_CampPics2008.gif --> webpages.charter.net /images title_CampPics2008.gif
2008.02.18 23:49 B C:\Vonn\MsFrontPage\VCampbell201 Web\images\title_CampHistory.gif --> webpages.charter.net /images title_CampHistory.gif
2008.02.19 21:47 B C:\Vonn\MsFrontPage\VCampbell201 Web\images\title_RacingShowDown.gif --> webpages.charter.net /images title_RacingShowDown.gif
2008.02.19 21:58 B C:\Vonn\MsFrontPage\VCampbell201 Web\images\title_OurCampMascot.gif --> webpages.charter.net /images title_OurCampMascot.gif
2008.02.22 07:42 B C:\Vonn\MsFrontPage\VCampbell201 Web\images\title_CampPicsMisc.gif --> webpages.charter.net /images title_CampPicsMisc.gif
2008.02.26 10:22 B C:\Vonn\MsFrontPage\VCampbell201 Web\images\BFSatellite.jpg --> webpages.charter.net /images BFSatellite.jpg
2009.02.13 21:09 B C:\Vonn\MsFrontPage\VCampbell201 Web\images\title_CampPics2009.gif --> webpages.charter.net /images title_CampPics2009.gif
2009.02.13 21:09 B C:\Vonn\MsFrontPage\VCampbell201 Web\images\title_CampSumm2009.gif --> webpages.charter.net /images title_CampSumm2009.gif
